uSchat/build/outputs/logs/manifest-merger-release-report.txt
-- Merging decision tree log ---
manifest
ADDED from src\main\AndroidManifest.xml:2:1-519:12
	package
		ADDED from src\main\AndroidManifest.xml:4:5-31
		INJECTED from src\main\AndroidManifest.xml
		INJECTED from src\main\AndroidManifest.xml
	android:versionName
		ADDED from src\main\AndroidManifest.xml:6:5-32
		INJECTED from src\main\AndroidManifest.xml
		INJECTED from src\main\AndroidManifest.xml
	xmlns:tools
		ADDED from src\main\AndroidManifest.xml:3:5-51
	android:versionCode
		ADDED from src\main\AndroidManifest.xml:5:5-28
		INJECTED from src\main\AndroidManifest.xml
		INJECTED from src\main\AndroidManifest.xml
	xmlns:android
		ADDED from src\main\AndroidManifest.xml:2:11-69
uses-sdk
ADDED from src\main\AndroidManifest.xml:8:5-10:41
MERGED from [com.android.support:appcompat-v7:22.2.0] AndroidManifest.xml:20:5-43
MERGED from [com.android.support:support-v4:22.2.0] AndroidManifest.xml:20:5-43
MERGED from [GreenDao:sMSSDK:unspecified] AndroidManifest.xml:7:5-9:41
MERGED from [GreenDao:TuSDK:unspecified] AndroidManifest.xml:7:5-9:41
MERGED from [com.android.support:recyclerview-v7:22.2.0] AndroidManifest.xml:20:5-43
MERGED from [GreenDao:MPChartLib:unspecified] AndroidManifest.xml:7:5-9:41
MERGED from [com.github.orangegangsters:swipy:1.2.3] AndroidManifest.xml:7:5-9:41
	android:targetSdkVersion
		ADDED from src\main\AndroidManifest.xml:10:9-38
		INJECTED from src\main\AndroidManifest.xml
		INJECTED from src\main\AndroidManifest.xml
	android:minSdkVersion
		ADDED from src\main\AndroidManifest.xml:9:9-35
		INJECTED from src\main\AndroidManifest.xml
		INJECTED from src\main\AndroidManifest.xml
application
ADDED from src\main\AndroidManifest.xml:12:5-476:19
MERGED from [com.android.support:appcompat-v7:22.2.0] AndroidManifest.xml:22:5-20
MERGED from [com.android.support:support-v4:22.2.0] AndroidManifest.xml:22:5-20
MERGED from [GreenDao:sMSSDK:unspecified] AndroidManifest.xml:11:5-14:19
MERGED from [GreenDao:TuSDK:unspecified] AndroidManifest.xml:31:5-34:36
MERGED from [com.github.orangegangsters:swipy:1.2.3] AndroidManifest.xml:11:5-12:19
	android:label
		ADDED from src\main\AndroidManifest.xml:16:9-41
	android:supportsRtl
		ADDED from src\main\AndroidManifest.xml:17:9-35
	android:hardwareAccelerated
		ADDED from [GreenDao:TuSDK:unspecified] AndroidManifest.xml:33:9-43
	android:debuggable
		ADDED from [GreenDao:sMSSDK:unspecified] AndroidManifest.xml:13:9-34
	android:allowBackup
		ADDED from src\main\AndroidManifest.xml:14:9-35
	android:icon
		ADDED from src\main\AndroidManifest.xml:15:9-45
	android:largeHeap
		ADDED from [GreenDao:TuSDK:unspecified] AndroidManifest.xml:34:9-33
	android:theme
		ADDED from src\main\AndroidManifest.xml:18:9-40
	android:name
		ADDED from src\main\AndroidManifest.xml:13:9-57
activity#cn.bmob.pay.v3.act.PayAct
ADDED from src\main\AndroidManifest.xml:19:9-62
	android:name
		ADDED from src\main\AndroidManifest.xml:19:19-59
activity#c.b.a.A
ADDED from src\main\AndroidManifest.xml:20:9-25:70
	android:screenOrientation
		ADDED from src\main\AndroidManifest.xml:24:13-47
	android:exported
		ADDED from src\main\AndroidManifest.xml:23:13-37
	android:windowSoftInputMode
		ADDED from src\main\AndroidManifest.xml:25:13-67
	android:configChanges
		ADDED from src\main\AndroidManifest.xml:22:13-74
	android:name
		ADDED from src\main\AndroidManifest.xml:21:13-35
activity#c.b.a.B
ADDED from src\main\AndroidManifest.xml:26:9-29:64
	android:screenOrientation
		ADDED from src\main\AndroidManifest.xml:28:13-49
	android:theme
		ADDED from src\main\AndroidManifest.xml:29:13-61
	android:name
		ADDED from src\main\AndroidManifest.xml:27:13-35
activity#com.xiangyue.act.StartActivity
ADDED from src\main\AndroidManifest.xml:31:9-42:20
	android:screenOrientation
		ADDED from src\main\AndroidManifest.xml:35:13-49
	android:label
		ADDED from src\main\AndroidManifest.xml:34:13-45
	android:configChanges
		ADDED from src\main\AndroidManifest.xml:33:13-63
	android:theme
		ADDED from src\main\AndroidManifest.xml:36:13-71
	android:name
		ADDED from src\main\AndroidManifest.xml:32:13-42
intent-filter#android.intent.action.MAIN+android.intent.category.LAUNCHER
ADDED from src\main\AndroidManifest.xml:37:13-41:29
action#android.intent.action.MAIN
ADDED from src\main\AndroidManifest.xml:38:17-69
	android:name
		ADDED from src\main\AndroidManifest.xml:38:25-66
category#android.intent.category.LAUNCHER
ADDED from src\main\AndroidManifest.xml:40:17-77
	android:name
		ADDED from src\main\AndroidManifest.xml:40:27-74
activity#com.xiangyue.act.GuideActivity
ADDED from src\main\AndroidManifest.xml:51:9-56:83
	android:screenOrientation
		ADDED from src\main\AndroidManifest.xml:55:13-49
	android:label
		ADDED from src\main\AndroidManifest.xml:54:13-45
	android:configChanges
		ADDED from src\main\AndroidManifest.xml:53:13-63
	android:theme
		ADDED from src\main\AndroidManifest.xml:56:13-71
	android:name
		ADDED from src\main\AndroidManifest.xml:52:13-42
activity#com.xiangyue.act.LoginActivity
ADDED from src\main\AndroidManifest.xml:58:9-62:67
	android:screenOrientation
		ADDED from src\main\AndroidManifest.xml:61:13-49
	android:windowSoftInputMode
		ADDED from src\main\AndroidManifest.xml:62:13-55
	android:configChanges
		ADDED from src\main\AndroidManifest.xml:60:13-63
	android:name
		ADDED from src\main\AndroidManifest.xml:59:13-42
activity#com.xiangyue.act.RegisterActivity
ADDED from src\main\AndroidManifest.xml:64:9-68:61
	android:screenOrientation
		ADDED from src\main\AndroidManifest.xml:68:13-49
	android:label
		ADDED from src\main\AndroidManifest.xml:67:13-45
	android:configChanges
		ADDED from src\main\AndroidManifest.xml:66:13-63
	android:name
		ADDED from src\main\AndroidManifest.xml:65:13-45
activity#com.xiangyue.act.MainActivity
ADDED from src\main\AndroidManifest.xml:70:9-74:64
	android:label
		ADDED from src\main\AndroidManifest.xml:72:13-45
	android:launchMode
		ADDED from src\main\AndroidManifest.xml:73:13-44
	android:theme
		ADDED from src\main\AndroidManifest.xml:74:13-52
	android:name
		ADDED from src\main\AndroidManifest.xml:71:13-41
activity#cn.smssdk.SMSSDKUIShell
ADDED from src\main\AndroidManifest.xml:76:9-81:70
	android:screenOrientation
		ADDED from src\main\AndroidManifest.xml:79:13-49
	android:windowSoftInputMode
		ADDED from src\main\AndroidManifest.xml:81:13-67
	android:configChanges
		ADDED from src\main\AndroidManifest.xml:78:13-74
	android:theme
		ADDED from src\main\AndroidManifest.xml:80:13-72
	android:name
		ADDED from src\main\AndroidManifest.xml:77:13-51
activity#com.xiangyue.act.ChoiceRoleActivity
ADDED from src\main\AndroidManifest.xml:83:9-90:20
	android:screenOrientation
		ADDED from src\main\AndroidManifest.xml:87:13-49
	android:label
		ADDED from src\main\AndroidManifest.xml:86:13-45
	android:windowSoftInputMode
		ADDED from src\main\AndroidManifest.xml:88:13-55
	android:configChanges
		ADDED from src\main\AndroidManifest.xml:85:13-63
	android:name
		ADDED from src\main\AndroidManifest.xml:84:13-47
activity#com.xiangyue.act.WebpactActivity
ADDED from src\main\AndroidManifest.xml:92:9-96:61
	android:screenOrientation
		ADDED from src\main\AndroidManifest.xml:96:13-49
	android:label
		ADDED from src\main\AndroidManifest.xml:95:13-45
	android:configChanges
		ADDED from src\main\AndroidManifest.xml:94:13-63
	android:name
		ADDED from src\main\AndroidManifest.xml:93:13-44
activity#com.xiangyue.act.MyPhotosActivity
ADDED from src\main\AndroidManifest.xml:98:9-102:61
	android:screenOrientation
		ADDED from src\main\AndroidManifest.xml:102:13-49
	android:label
		ADDED from src\main\AndroidManifest.xml:101:13-45
	android:configChanges
		ADDED from src\main\AndroidManifest.xml:100:13-63
	android:name
		ADDED from src\main\AndroidManifest.xml:99:13-45
activity#com.xiangyue.act.SetUpActivity
ADDED from src\main\AndroidManifest.xml:104:9-108:61
	android:screenOrientation
		ADDED from src\main\AndroidManifest.xml:108:13-49
	android:label
		ADDED from src\main\AndroidManifest.xml:107:13-45
	android:configChanges
		ADDED from src\main\AndroidManifest.xml:106:13-63
	android:name
		ADDED from src\main\AndroidManifest.xml:105:13-42
activity#com.xiangyue.act.VerificationActivity
ADDED from src\main\AndroidManifest.xml:110:9-114:61
	android:screenOrientation
		ADDED from src\main\AndroidManifest.xml:114:13-49
	android:label
		ADDED from src\main\AndroidManifest.xml:113:13-45
	android:configChanges
		ADDED from src\main\AndroidManifest.xml:112:13-63
	android:name
		ADDED from src\main\AndroidManifest.xml:111:13-49
activity#com.xiangyue.act.PayAliActivity
ADDED from src\main\AndroidManifest.xml:116:9-120:61
	android:screenOrientation
		ADDED from src\main\AndroidManifest.xml:120:13-49
	android:label
		ADDED from src\main\AndroidManifest.xml:119:13-45
	android:configChanges
		ADDED from src\main\AndroidManifest.xml:118:13-63
	android:name
		ADDED from src\main\AndroidManifest.xml:117:13-43
activity#com.xiangyue.act.TitleStyleActivity
ADDED from src\main\AndroidManifest.xml:122:9-126:61
	android:screenOrientation
		ADDED from src\main\AndroidManifest.xml:126:13-49
	android:label
		ADDED from src\main\AndroidManifest.xml:125:13-45
	android:configChanges
		ADDED from src\main\AndroidManifest.xml:124:13-63
	android:name
		ADDED from src\main\AndroidManifest.xml:123:13-47
activity#com.xiangyue.act.SignStyleActivity
ADDED from src\main\AndroidManifest.xml:128:9-132:61
	android:screenOrientation
		ADDED from src\main\AndroidManifest.xml:132:13-49
	android:label
		ADDED from src\main\AndroidManifest.xml:131:13-45
	android:configChanges
		ADDED from src\main\AndroidManifest.xml:130:13-63
	android:name
		ADDED from src\main\AndroidManifest.xml:129:13-46
activity#com.xiangyue.act.ChatMainActivity
ADDED from src\main\AndroidManifest.xml:140:9-144:61
	android:screenOrientation
		ADDED from src\main\AndroidManifest.xml:144:13-49
	android:label
		ADDED from src\main\AndroidManifest.xml:143:13-45
	android:configChanges
		ADDED from src\main\AndroidManifest.xml:142:13-63
	android:name
		ADDED from src\main\AndroidManifest.xml:141:13-45
activity#com.xiangyue.act.SystemMainActivity
ADDED from src\main\AndroidManifest.xml:146:9-150:61
	android:screenOrientation
		ADDED from src\main\AndroidManifest.xml:150:13-49
	android:label
		ADDED from src\main\AndroidManifest.xml:149:13-45
	android:configChanges
		ADDED from src\main\AndroidManifest.xml:148:13-63
	android:name
		ADDED from src\main\AndroidManifest.xml:147:13-47
activity#com.xiangyue.act.StudyDetailActivity
ADDED from src\main\AndroidManifest.xml:152:9-156:61
	android:screenOrientation
		ADDED from src\main\AndroidManifest.xml:156:13-49
	android:label
		ADDED from src\main\AndroidManifest.xml:155:13-45
	android:configChanges
		ADDED from src\main\AndroidManifest.xml:154:13-63
	android:name
		ADDED from src\main\AndroidManifest.xml:153:13-48
activity#com.xiangyue.act.MyMoneyActivity
ADDED from src\main\AndroidManifest.xml:158:9-162:61
	android:screenOrientation
		ADDED from src\main\AndroidManifest.xml:162:13-49
	android:label
		ADDED from src\main\AndroidManifest.xml:161:13-45
	android:configChanges
		ADDED from src\main\AndroidManifest.xml:160:13-63
	android:name
		ADDED from src\main\AndroidManifest.xml:159:13-44
activity#com.xiangyue.act.BusinessActivity
ADDED from src\main\AndroidManifest.xml:164:9-168:61
	android:screenOrientation
		ADDED from src\main\AndroidManifest.xml:168:13-49
	android:label
		ADDED from src\main\AndroidManifest.xml:167:13-45
	android:configChanges
		ADDED from src\main\AndroidManifest.xml:166:13-63
	android:name
		ADDED from src\main\AndroidManifest.xml:165:13-45
activity#com.xiangyue.act.OtherMoneyDetailActivity
ADDED from src\main\AndroidManifest.xml:170:9-174:61
	android:screenOrientation
		ADDED from src\main\AndroidManifest.xml:174:13-49
	android:label
		ADDED from src\main\AndroidManifest.xml:173:13-45
	android:configChanges
		ADDED from src\main\AndroidManifest.xml:172:13-63
	android:name
		ADDED from src\main\AndroidManifest.xml:171:13-53
activity#com.xiangyue.act.PhotoDetailActivity
ADDED from src\main\AndroidManifest.xml:176:9-180:61
	android:screenOrientation
		ADDED from src\main\AndroidManifest.xml:180:13-49
	android:label
		ADDED from src\main\AndroidManifest.xml:179:13-45
	android:configChanges
		ADDED from src\main\AndroidManifest.xml:178:13-63
	android:name
		ADDED from src\main\AndroidManifest.xml:177:13-48
activity#com.xiangyue.act.ChoiseLeaveActivity
ADDED from src\main\AndroidManifest.xml:182:9-186:61
	android:screenOrientation
		ADDED from src\main\AndroidManifest.xml:186:13-49
	android:label
		ADDED from src\main\AndroidManifest.xml:185:13-45
	android:configChanges
		ADDED from src\main\AndroidManifest.xml:184:13-63
	android:name
		ADDED from src\main\AndroidManifest.xml:183:13-48
activity#com.xiangyue.act.ChoiseStarActivity
ADDED from src\main\AndroidManifest.xml:188:9-192:61
	android:screenOrientation
		ADDED from src\main\AndroidManifest.xml:192:13-49
	android:label
		ADDED from src\main\AndroidManifest.xml:191:13-45
	android:configChanges
		ADDED from src\main\AndroidManifest.xml:190:13-63
	android:name
		ADDED from src\main\AndroidManifest.xml:189:13-47
activity#com.xiangyue.act.BaiduMapActivity
ADDED from src\main\AndroidManifest.xml:193:9-197:61
	android:screenOrientation
		ADDED from src\main\AndroidManifest.xml:197:13-49
	android:label
		ADDED from src\main\AndroidManifest.xml:196:13-45
	android:configChanges
		ADDED from src\main\AndroidManifest.xml:195:13-63
	android:name
		ADDED from src\main\AndroidManifest.xml:194:13-45
activity#com.xiangyue.act.NameEditActivity
ADDED from src\main\AndroidManifest.xml:199:9-206:20
	android:screenOrientation
		ADDED from src\main\AndroidManifest.xml:204:13-49
	android:label
		ADDED from src\main\AndroidManifest.xml:202:13-45
	android:launchMode
		ADDED from src\main\AndroidManifest.xml:203:13-44
	android:configChanges
		ADDED from src\main\AndroidManifest.xml:201:13-63
	android:name
		ADDED from src\main\AndroidManifest.xml:200:13-45
activity#com.xiangyue.act.LookOtherDetailActivity
ADDED from src\main\AndroidManifest.xml:208:9-212:61
	android:screenOrientation
		ADDED from src\main\AndroidManifest.xml:212:13-49
	android:label
		ADDED from src\main\AndroidManifest.xml:211:13-45
	android:configChanges
		ADDED from src\main\AndroidManifest.xml:210:13-63
	android:name
		ADDED from src\main\AndroidManifest.xml:209:13-52
activity#com.xiangyue.act.ChangePwdActivity
ADDED from src\main\AndroidManifest.xml:214:9-218:61
	android:screenOrientation
		ADDED from src\main\AndroidManifest.xml:218:13-49
	android:label
		ADDED from src\main\AndroidManifest.xml:217:13-45
	android:configChanges
		ADDED from src\main\AndroidManifest.xml:216:13-63
	android:name
		ADDED from src\main\AndroidManifest.xml:215:13-46
activity#com.xiangyue.act.CGPwdActivity
ADDED from src\main\AndroidManifest.xml:220:9-224:61
	android:screenOrientation
		ADDED from src\main\AndroidManifest.xml:224:13-49
	android:label
		ADDED from src\main\AndroidManifest.xml:223:13-45
	android:configChanges
		ADDED from src\main\AndroidManifest.xml:222:13-63
	android:name
		ADDED from src\main\AndroidManifest.xml:221:13-42
activity#com.xiangyue.act.SuggestionActivity
ADDED from src\main\AndroidManifest.xml:226:9-230:61
	android:screenOrientation
		ADDED from src\main\AndroidManifest.xml:230:13-49
	android:label
		ADDED from src\main\AndroidManifest.xml:229:13-45
	android:configChanges
		ADDED from src\main\AndroidManifest.xml:228:13-63
	android:name
		ADDED from src\main\AndroidManifest.xml:227:13-47
activity#com.xiangyue.act.AboutActivity
ADDED from src\main\AndroidManifest.xml:232:9-236:61
	android:screenOrientation
		ADDED from src\main\AndroidManifest.xml:236:13-49
	android:label
		ADDED from src\main\AndroidManifest.xml:235:13-45
	android:configChanges
		ADDED from src\main\AndroidManifest.xml:234:13-63
	android:name
		ADDED from src\main\AndroidManifest.xml:233:13-42
activity#com.xiangyue.act.OtherInfoDetailActivity
ADDED from src\main\AndroidManifest.xml:238:9-242:61
	android:screenOrientation
		ADDED from src\main\AndroidManifest.xml:242:13-49
	android:label
		ADDED from src\main\AndroidManifest.xml:241:13-45
	android:configChanges
		ADDED from src\main\AndroidManifest.xml:240:13-63
	android:name
		ADDED from src\main\AndroidManifest.xml:239:13-52
activity#com.xiangyue.act.RandonPeopleActivity
ADDED from src\main\AndroidManifest.xml:244:9-248:61
	android:screenOrientation
		ADDED from src\main\AndroidManifest.xml:248:13-49
	android:label
		ADDED from src\main\AndroidManifest.xml:247:13-45
	android:configChanges
		ADDED from src\main\AndroidManifest.xml:246:13-63
	android:name
		ADDED from src\main\AndroidManifest.xml:245:13-49
activity#com.xiangyue.act.KindPeopleActivity
ADDED from src\main\AndroidManifest.xml:250:9-253:61
	android:screenOrientation
		ADDED from src\main\AndroidManifest.xml:253:13-49
	android:configChanges
		ADDED from src\main\AndroidManifest.xml:252:13-63
	android:name
		ADDED from src\main\AndroidManifest.xml:251:13-47
activity#com.xiangyue.act.FindRadarActivity
ADDED from src\main\AndroidManifest.xml:254:9-257:61
	android:screenOrientation
		ADDED from src\main\AndroidManifest.xml:257:13-49
	android:configChanges
		ADDED from src\main\AndroidManifest.xml:256:13-63
	android:name
		ADDED from src\main\AndroidManifest.xml:255:13-46
activity#com.xiangyue.act.DayActivity
ADDED from src\main\AndroidManifest.xml:258:9-261:61
	android:screenOrientation
		ADDED from src\main\AndroidManifest.xml:261:13-49
	android:configChanges
		ADDED from src\main\AndroidManifest.xml:260:13-63
	android:name
		ADDED from src\main\AndroidManifest.xml:259:13-40
activity#com.xiangyue.act.MyAddPeopleActivity
ADDED from src\main\AndroidManifest.xml:262:9-265:61
	android:screenOrientation
		ADDED from src\main\AndroidManifest.xml:265:13-49
	android:configChanges
		ADDED from src\main\AndroidManifest.xml:264:13-63
	android:name
		ADDED from src\main\AndroidManifest.xml:263:13-48
activity#com.xiangyue.act.EditTextByNameActivity
ADDED from src\main\AndroidManifest.xml:266:9-269:61
	android:screenOrientation
		ADDED from src\main\AndroidManifest.xml:269:13-49
	android:configChanges
		ADDED from src\main\AndroidManifest.xml:268:13-63
	android:name
		ADDED from src\main\AndroidManifest.xml:267:13-51
activity#com.xiangyue.act.ShowBigImage
ADDED from src\main\AndroidManifest.xml:270:9-273:61
	android:screenOrientation
		ADDED from src\main\AndroidManifest.xml:273:13-49
	android:configChanges
		ADDED from src\main\AndroidManifest.xml:272:13-63
	android:name
		ADDED from src\main\AndroidManifest.xml:271:13-41
activity#com.xiangyue.act.ImageGridActivity
ADDED from src\main\AndroidManifest.xml:274:9-277:61
	android:screenOrientation
		ADDED from src\main\AndroidManifest.xml:277:13-49
	android:configChanges
		ADDED from src\main\AndroidManifest.xml:276:13-63
	android:name
		ADDED from src\main\AndroidManifest.xml:275:13-46
activity#com.xiangyue.act.RecorderVideoActivity
ADDED from src\main\AndroidManifest.xml:278:9-281:61
	android:screenOrientation
		ADDED from src\main\AndroidManifest.xml:281:13-49
	android:configChanges
		ADDED from src\main\AndroidManifest.xml:280:13-63
	android:name
		ADDED from src\main\AndroidManifest.xml:279:13-50
activity#com.xiangyue.video.VideoPlayActivity
ADDED from src\main\AndroidManifest.xml:282:9-285:61
	android:screenOrientation
		ADDED from src\main\AndroidManifest.xml:285:13-49
	android:configChanges
		ADDED from src\main\AndroidManifest.xml:284:13-63
	android:name
		ADDED from src\main\AndroidManifest.xml:283:13-64
activity#com.xiangyue.act.SystemContentActivity
ADDED from src\main\AndroidManifest.xml:287:9-290:61
	android:screenOrientation
		ADDED from src\main\AndroidManifest.xml:290:13-49
	android:configChanges
		ADDED from src\main\AndroidManifest.xml:289:13-63
	android:name
		ADDED from src\main\AndroidManifest.xml:288:13-50
activity#com.xiangyue.act.EditPayAliActivity
ADDED from src\main\AndroidManifest.xml:291:9-294:61
	android:screenOrientation
		ADDED from src\main\AndroidManifest.xml:294:13-49
	android:configChanges
		ADDED from src\main\AndroidManifest.xml:293:13-63
	android:name
		ADDED from src\main\AndroidManifest.xml:292:13-47
activity#com.xiangyue.act.GuessinhActivity
ADDED from src\main\AndroidManifest.xml:295:9-298:61
	android:screenOrientation
		ADDED from src\main\AndroidManifest.xml:298:13-49
	android:configChanges
		ADDED from src\main\AndroidManifest.xml:297:13-63
	android:name
		ADDED from src\main\AndroidManifest.xml:296:13-45
activity#com.xiangyue.act.CircleInfoActivity
ADDED from src\main\AndroidManifest.xml:299:9-302:61
	android:screenOrientation
		ADDED from src\main\AndroidManifest.xml:302:13-49
	android:configChanges
		ADDED from src\main\AndroidManifest.xml:301:13-63
	android:name
		ADDED from src\main\AndroidManifest.xml:300:13-47
activity#com.xiangyue.act.WriteCircleActivity
ADDED from src\main\AndroidManifest.xml:303:9-306:61
	android:screenOrientation
		ADDED from src\main\AndroidManifest.xml:306:13-49
	android:configChanges
		ADDED from src\main\AndroidManifest.xml:305:13-63
	android:name
		ADDED from src\main\AndroidManifest.xml:304:13-48
activity#com.xiangyue.act.ImageChooseActivityOver
ADDED from src\main\AndroidManifest.xml:307:9-310:61
	android:screenOrientation
		ADDED from src\main\AndroidManifest.xml:310:13-49
	android:configChanges
		ADDED from src\main\AndroidManifest.xml:309:13-63
	android:name
		ADDED from src\main\AndroidManifest.xml:308:13-52
activity#com.xiangyue.act.ImageChooseActivity
ADDED from src\main\AndroidManifest.xml:311:9-314:61
	android:screenOrientation
		ADDED from src\main\AndroidManifest.xml:314:13-49
	android:configChanges
		ADDED from src\main\AndroidManifest.xml:313:13-63
	android:name
		ADDED from src\main\AndroidManifest.xml:312:13-48
activity#com.xiangyue.act.SetMoneyActivity
ADDED from src\main\AndroidManifest.xml:315:9-318:61
	android:screenOrientation
		ADDED from src\main\AndroidManifest.xml:318:13-49
	android:configChanges
		ADDED from src\main\AndroidManifest.xml:317:13-63
	android:name
		ADDED from src\main\AndroidManifest.xml:316:13-45
activity#com.xiangyue.act.OtherCircleActivity
ADDED from src\main\AndroidManifest.xml:319:9-322:61
	android:screenOrientation
		ADDED from src\main\AndroidManifest.xml:322:13-49
	android:configChanges
		ADDED from src\main\AndroidManifest.xml:321:13-63
	android:name
		ADDED from src\main\AndroidManifest.xml:320:13-48
activity#com.xiangyue.act.SinglePhotoActivity
ADDED from src\main\AndroidManifest.xml:323:9-326:61
	android:screenOrientation
		ADDED from src\main\AndroidManifest.xml:326:13-49
	android:configChanges
		ADDED from src\main\AndroidManifest.xml:325:13-63
	android:name
		ADDED from src\main\AndroidManifest.xml:324:13-48
activity#com.xiangyue.act.NoFindActivity
ADDED from src\main\AndroidManifest.xml:327:9-330:61
	android:screenOrientation
		ADDED from src\main\AndroidManifest.xml:330:13-49
	android:configChanges
		ADDED from src\main\AndroidManifest.xml:329:13-63
	android:name
		ADDED from src\main\AndroidManifest.xml:328:13-43
activity#com.xiangyue.act.GameActivity
ADDED from src\main\AndroidManifest.xml:331:9-335:64
	android:screenOrientation
		ADDED from src\main\AndroidManifest.xml:334:13-49
	android:configChanges
		ADDED from src\main\AndroidManifest.xml:333:13-63
	android:theme
		ADDED from src\main\AndroidManifest.xml:335:13-52
	android:name
		ADDED from src\main\AndroidManifest.xml:332:13-41
activity#com.xiangyue.act.CommontActivity
ADDED from src\main\AndroidManifest.xml:336:9-340:64
	android:screenOrientation
		ADDED from src\main\AndroidManifest.xml:339:13-49
	android:windowSoftInputMode
		ADDED from src\main\AndroidManifest.xml:340:13-52
	android:configChanges
		ADDED from src\main\AndroidManifest.xml:338:13-63
	android:name
		ADDED from src\main\AndroidManifest.xml:337:13-44
activity#com.xiangyue.act.QueryHeadActivity
ADDED from src\main\AndroidManifest.xml:342:9-345:61
	android:screenOrientation
		ADDED from src\main\AndroidManifest.xml:345:13-49
	android:configChanges
		ADDED from src\main\AndroidManifest.xml:344:13-63
	android:name
		ADDED from src\main\AndroidManifest.xml:343:13-46
activity#com.xiangyue.act.GameBySZActivity
ADDED from src\main\AndroidManifest.xml:346:9-349:61
	android:screenOrientation
		ADDED from src\main\AndroidManifest.xml:349:13-49
	android:configChanges
		ADDED from src\main\AndroidManifest.xml:348:13-63
	android:name
		ADDED from src\main\AndroidManifest.xml:347:13-45
activity#com.xiangyue.act.GameInfoActivity
ADDED from src\main\AndroidManifest.xml:350:9-353:61
	android:screenOrientation
		ADDED from src\main\AndroidManifest.xml:353:13-49
	android:configChanges
		ADDED from src\main\AndroidManifest.xml:352:13-63
	android:name
		ADDED from src\main\AndroidManifest.xml:351:13-45
activity#com.xiangyue.act.GameNewsActivity
ADDED from src\main\AndroidManifest.xml:355:9-358:61
	android:screenOrientation
		ADDED from src\main\AndroidManifest.xml:358:13-49
	android:configChanges
		ADDED from src\main\AndroidManifest.xml:357:13-63
	android:name
		ADDED from src\main\AndroidManifest.xml:356:13-45
activity#com.xiangyue.act.BlackActivity
ADDED from src\main\AndroidManifest.xml:359:9-362:61
	android:screenOrientation
		ADDED from src\main\AndroidManifest.xml:362:13-49
	android:configChanges
		ADDED from src\main\AndroidManifest.xml:361:13-63
	android:name
		ADDED from src\main\AndroidManifest.xml:360:13-42
activity#com.xiangyue.act.BlackBywActivity
ADDED from src\main\AndroidManifest.xml:363:9-366:61
	android:screenOrientation
		ADDED from src\main\AndroidManifest.xml:366:13-49
	android:configChanges
		ADDED from src\main\AndroidManifest.xml:365:13-63
	android:name
		ADDED from src\main\AndroidManifest.xml:364:13-45
activity#com.xiangyue.act.DayintroduceActivity
ADDED from src\main\AndroidManifest.xml:367:9-370:61
	android:screenOrientation
		ADDED from src\main\AndroidManifest.xml:370:13-49
	android:configChanges
		ADDED from src\main\AndroidManifest.xml:369:13-63
	android:name
		ADDED from src\main\AndroidManifest.xml:368:13-49
activity#com.xiangyue.act.AssistsActivity
ADDED from src\main\AndroidManifest.xml:371:9-374:61
	android:screenOrientation
		ADDED from src\main\AndroidManifest.xml:374:13-49
	android:configChanges
		ADDED from src\main\AndroidManifest.xml:373:13-63
	android:name
		ADDED from src\main\AndroidManifest.xml:372:13-44
activity#com.xiangyue.act.ChioseMoneyActivity
ADDED from src\main\AndroidManifest.xml:375:9-378:61
	android:screenOrientation
		ADDED from src\main\AndroidManifest.xml:378:13-49
	android:configChanges
		ADDED from src\main\AndroidManifest.xml:377:13-63
	android:name
		ADDED from src\main\AndroidManifest.xml:376:13-48
activity#com.xiangyue.act.UpdateActivity
ADDED from src\main\AndroidManifest.xml:379:9-383:100
	android:screenOrientation
		ADDED from src\main\AndroidManifest.xml:382:13-49
	android:configChanges
		ADDED from src\main\AndroidManifest.xml:381:13-63
	android:theme
		ADDED from src\main\AndroidManifest.xml:383:13-88
	android:name
		ADDED from src\main\AndroidManifest.xml:380:13-43
activity#org.lasque.tusdk.impl.activity.TuFragmentActivity
ADDED from src\main\AndroidManifest.xml:385:9-389:70
	android:screenOrientation
		ADDED from src\main\AndroidManifest.xml:388:13-49
	android:windowSoftInputMode
		ADDED from src\main\AndroidManifest.xml:389:13-67
	android:configChanges
		ADDED from src\main\AndroidManifest.xml:387:13-74
	android:name
		ADDED from src\main\AndroidManifest.xml:386:13-77
activity#com.im.ui.SearchUserActivity
ADDED from src\main\AndroidManifest.xml:391:9-74
	android:name
		ADDED from src\main\AndroidManifest.xml:391:19-62
activity#com.im.ui.SplashActivity
ADDED from src\main\AndroidManifest.xml:392:9-61
	android:name
		ADDED from src\main\AndroidManifest.xml:392:19-58
activity#com.im.ui.MainActivity
ADDED from src\main\AndroidManifest.xml:393:9-68
	android:name
		ADDED from src\main\AndroidManifest.xml:393:19-56
activity#com.im.ui.ChatActivity
ADDED from src\main\AndroidManifest.xml:394:9-397:76
	android:screenOrientation
		ADDED from src\main\AndroidManifest.xml:396:13-49
	android:windowSoftInputMode
		ADDED from src\main\AndroidManifest.xml:397:13-73
	android:name
		ADDED from src\main\AndroidManifest.xml:395:13-50
meta-data#UMENG_APPKEY
ADDED from src\main\AndroidManifest.xml:403:9-405:56
	android:value
		ADDED from src\main\AndroidManifest.xml:405:13-53
	android:name
		ADDED from src\main\AndroidManifest.xml:404:13-40
meta-data#UMENG_CHANNEL
ADDED from src\main\AndroidManifest.xml:406:9-408:42
	android:value
		ADDED from src\main\AndroidManifest.xml:408:13-39
	android:name
		ADDED from src\main\AndroidManifest.xml:407:13-41
receiver#cn.bmob.newim.core.ConnectChangeReceiver
ADDED from src\main\AndroidManifest.xml:410:9-417:20
	android:name
		ADDED from src\main\AndroidManifest.xml:410:19-74
intent-filter#android.intent.action.BOOT_COMPLETED+android.intent.action.USER_PRESENT+android.net.conn.CONNECTIVITY_CHANGE+cn.bmob.action.RECONNECT
ADDED from src\main\AndroidManifest.xml:411:13-416:29
action#cn.bmob.action.RECONNECT
ADDED from src\main\AndroidManifest.xml:412:17-67
	android:name
		ADDED from src\main\AndroidManifest.xml:412:25-64
action#android.net.conn.CONNECTIVITY_CHANGE
ADDED from src\main\AndroidManifest.xml:413:17-79
	android:name
		ADDED from src\main\AndroidManifest.xml:413:25-76
action#android.intent.action.BOOT_COMPLETED
ADDED from src\main\AndroidManifest.xml:414:17-79
	android:name
		ADDED from src\main\AndroidManifest.xml:414:25-76
action#android.intent.action.USER_PRESENT
ADDED from src\main\AndroidManifest.xml:415:17-77
	android:name
		ADDED from src\main\AndroidManifest.xml:415:25-74
service#cn.bmob.newim.core.service.BmobIMService
ADDED from src\main\AndroidManifest.xml:419:9-421:43
	android:process
		ADDED from src\main\AndroidManifest.xml:421:13-40
	android:name
		ADDED from src\main\AndroidManifest.xml:420:13-68
service#cn.bmob.newim.core.service.NotifyService
ADDED from src\main\AndroidManifest.xml:422:9-424:43
	android:process
		ADDED from src\main\AndroidManifest.xml:424:13-40